Unable to capture context for thread 30012 in process 29120, can not generate back trace
Exception at PC 0x00007FFEA852BB93
Printing stacktrace...

Exception at PC 0x00007FFEF6D31F28
Exception at PC 0x00007FFEF6D31F28
Exception at PC 0x00007FFEF6D31F28
Exception at PC 0x00007FFEF6D31F28
Exception at PC 0x00007FFEF6D31F28
Exception at PC 0x00007FFEF6D31F28
Exception at PC 0x00007FFEF6D31F28
Exception at PC 0x00007FFEF6D31F28
Exception at PC 0x00007FFEF6D31F28
Exception at PC 0x00007FFEF6D31F28
Exception at PC 0x00007FFEF6D31F28
Exception at PC 0x00007FFEF6D31F28
Exception at PC 0x00007FFEF6D31F28
Exception at PC 0x00007FFEF6D31F28
[0]  [0x00007FFEA852BB93]
[1]  [0x00007FFEA852BB93]
[2]  [0x00007FFEA852B4A1]
[3]  [0x00007FFEA852B3EF]
[4]  [0x00007FFEA85119FE]
[5]  [0x00007FFEA8510ED1]
[6]  [0x00007FFEA8510D76]
[7]  [0x00007FFEA84B79F6]
[8]  [0x00007FFEA84A7AFB]
[9]  [0x00007FFEA85CE90A]
[10]  [0x00007FFEA85E9F87]
[11]  [0x00007FFEA85EA05F]
[12] (BaseThreadInitThunk+0x22) [0x00007FFEF9BF8102]
[13] (RtlUserThreadStart+0x34) [0x00007FFEFA54C5B4]
Done
Exception at PC 0x00007FFEF6D31F28
Exception at PC 0x00007FFEF6D31F28
Exception at PC 0x00007FFEF6D31F28
Exception at PC 0x00007FFEF6D31F28
