Unable to capture context for thread 7036 in process 20440, can not generate back trace
Exception at PC 0x00007FFCD257BB93
Unable to capture context for thread 7036 in process 20440, can not generate back trace
Printing stacktrace...

Exception at PC 0x00007FFD38C31F28
Exception at PC 0x00007FFD38C31F28
Exception at PC 0x00007FFD38C31F28
Exception at PC 0x00007FFD38C31F28
Exception at PC 0x00007FFD38C31F28
Exception at PC 0x00007FFD38C31F28
Exception at PC 0x00007FFD38C31F28
Exception at PC 0x00007FFD38C31F28
Exception at PC 0x00007FFD38C31F28
Exception at PC 0x00007FFD38C31F28
Exception at PC 0x00007FFD38C31F28
Exception at PC 0x00007FFD38C31F28
Exception at PC 0x00007FFD38C31F28
Exception at PC 0x00007FFD38C31F28
Exception at PC 0x00007FFD38C31F28
Exception at PC 0x00007FFD38C31F28
Exception at PC 0x00007FFD38C31F28
[0]  [0x00007FFCD257BB93]
[1]  [0x00007FFCD257BB93]
[2]  [0x00007FFCD257B4A1]
[3]  [0x00007FFCD257B3EF]
[4]  [0x00007FFCD25619FE]
[5]  [0x00007FFCD2560ED1]
[6]  [0x00007FFCD2560D76]
[7]  [0x00007FFCD25079F6]
[8]  [0x00007FFCD24F7AFB]
[9]  [0x00007FFCD261E90A]
[10]  [0x00007FFCD2639F87]
[11]  [0x00007FFCD263A05F]
[12] (BaseThreadInitThunk+0x22) [0x00007FFD3AB78102]
[13] (RtlUserThreadStart+0x34) [0x00007FFD3C4FC5B4]
Done
Exception at PC 0x00007FFD38C31F28
